<?xml version="1.0" encoding="UTF-8"?>
<testsuite name="Scenario: Verify valid Sign in" tests="1" skipped="1" failures="0" errors="0" timestamp="2018-06-13T13:38:35" hostname="SampathMahavithanas-MacBook-Pro.local" time="0.086">
  <properties/>
  <testcase name="classMethod" classname="Scenario: Verify valid Sign in" time="0.086">
    <skipped/>
  </testcase>
  <system-out><![CDATA[]]></system-out>
  <system-err><![CDATA[Jun 13, 2018 2:38:35 PM org.springframework.test.context.support.DefaultTestContextBootstrapper getDefaultTestExecutionListenerClassNames
INFO: Loaded default TestExecutionListener class names from location [META-INF/spring.factories]: [org.springframework.test.context.web.ServletTestExecutionListener, org.springframework.test.context.support.DirtiesContextBeforeModesTestExecutionListener, org.springframework.test.context.support.DependencyInjectionTestExecutionListener, org.springframework.test.context.support.DirtiesContextTestExecutionListener, org.springframework.test.context.transaction.TransactionalTestExecutionListener, org.springframework.test.context.jdbc.SqlScriptsTestExecutionListener]
Jun 13, 2018 2:38:35 PM org.springframework.test.context.support.DefaultTestContextBootstrapper getTestExecutionListeners
INFO: Using TestExecutionListeners: [org.springframework.test.context.support.DirtiesContextBeforeModesTestExecutionListener@c9a2603, org.springframework.test.context.support.DependencyInjectionTestExecutionListener@443cbb18, org.springframework.test.context.support.DirtiesContextTestExecutionListener@11770178]
Jun 13, 2018 2:38:35 PM org.springframework.context.support.GenericApplicationContext prepareRefresh
INFO: Refreshing org.springframework.context.support.GenericApplicationContext@4f0988df: startup date [Wed Jun 13 14:38:35 BST 2018]; root of context hierarchy
Starting ChromeDriver 2.35.528157 (4429ca2590d6988c0745c24c8858745aaaec01ef) on port 4888
Only local connections are allowed.
Jun 13, 2018 2:38:35 PM org.springframework.context.support.GenericApplicationContext refresh
WARNING: Exception encountered during context initialization - cancelling refresh attempt: org.springframework.beans.factory.UnsatisfiedDependencyException: Error creating bean with name 'pageHelper' defined in uk.gov.service.bluebadge.test.acceptance.config.AcceptanceTestConfiguration: Unsatisfied dependency expressed through method 'pageHelper' parameter 0; nested exception is org.springframework.beans.factory.UnsatisfiedDependencyException: Error creating bean with name 'webDriverProvider' defined in uk.gov.service.bluebadge.test.acceptance.config.AcceptanceTestConfiguration: Unsatisfied dependency expressed through method 'webDriverProvider' parameter 1; nested exception is org.springframework.beans.factory.BeanCreationException: Error creating bean with name 'acceptanceTestProperties' defined in uk.gov.service.bluebadge.test.acceptance.config.AcceptanceTestConfiguration: Bean instantiation via factory method failed; nested exception is org.springframework.beans.BeanInstantiationException: Failed to instantiate [uk.gov.service.bluebadge.test.acceptance.config.AcceptanceTestProperties]: Factory method 'acceptanceTestProperties' threw exception; nested exception is java.lang.IllegalStateException: Required key 'buildDirectory' not found
]]></system-err>
</testsuite>
